0 info it worked if it ends with ok
1 verbose cli [ '/home/vagrant/.nvm/versions/node/v6.9.5/bin/node',
1 verbose cli   '/home/vagrant/.nvm/versions/node/v6.9.5/bin/npm',
1 verbose cli   'install',
1 verbose cli   '-g',
1 verbose cli   'heroku-cli' ]
2 info using npm@3.10.10
3 info using node@v6.9.5
4 silly loadCurrentTree Starting
5 silly install loadCurrentTree
6 silly install readGlobalPackageData
7 silly fetchPackageMetaData heroku-cli
8 silly fetchNamedPackageData heroku-cli
9 silly mapToRegistry name heroku-cli
10 silly mapToRegistry using default registry
11 silly mapToRegistry registry https://registry.npmjs.org/
12 silly mapToRegistry data Result {
12 silly mapToRegistry   raw: 'heroku-cli',
12 silly mapToRegistry   scope: null,
12 silly mapToRegistry   escapedName: 'heroku-cli',
12 silly mapToRegistry   name: 'heroku-cli',
12 silly mapToRegistry   rawSpec: '',
12 silly mapToRegistry   spec: 'latest',
12 silly mapToRegistry   type: 'tag' }
13 silly mapToRegistry uri https://registry.npmjs.org/heroku-cli
14 verbose request uri https://registry.npmjs.org/heroku-cli
15 verbose request no auth needed
16 info attempt registry request try #1 at 6:42:59 PM
17 verbose request id d196347a9ad04950
18 http request GET https://registry.npmjs.org/heroku-cli
19 info retry will retry, error on last attempt: Error: getaddrinfo EAI_AGAIN registry.npmjs.org:443
20 info attempt registry request try #2 at 6:43:29 PM
21 http request GET https://registry.npmjs.org/heroku-cli
22 info retry will retry, error on last attempt: Error: getaddrinfo EAI_AGAIN registry.npmjs.org:443
23 info attempt registry request try #3 at 6:44:49 PM
24 http request GET https://registry.npmjs.org/heroku-cli
25 silly fetchPackageMetaData Error: getaddrinfo EAI_AGAIN registry.npmjs.org:443
25 silly fetchPackageMetaData     at Object.exports._errnoException (util.js:1022:11)
25 silly fetchPackageMetaData     at errnoException (dns.js:33:15)
25 silly fetchPackageMetaData     at GetAddrInfoReqWrap.onlookup [as oncomplete] (dns.js:76:26)
25 silly fetchPackageMetaData  error for heroku-cli { Error: getaddrinfo EAI_AGAIN registry.npmjs.org:443
25 silly fetchPackageMetaData     at Object.exports._errnoException (util.js:1022:11)
25 silly fetchPackageMetaData     at errnoException (dns.js:33:15)
25 silly fetchPackageMetaData     at GetAddrInfoReqWrap.onlookup [as oncomplete] (dns.js:76:26)
25 silly fetchPackageMetaData   code: 'EAI_AGAIN',
25 silly fetchPackageMetaData   errno: 'EAI_AGAIN',
25 silly fetchPackageMetaData   syscall: 'getaddrinfo',
25 silly fetchPackageMetaData   hostname: 'registry.npmjs.org',
25 silly fetchPackageMetaData   host: 'registry.npmjs.org',
25 silly fetchPackageMetaData   port: 443 }
26 silly rollbackFailedOptional Starting
27 silly rollbackFailedOptional Finishing
28 silly runTopLevelLifecycles Finishing
29 silly install printInstalled
30 verbose stack Error: getaddrinfo EAI_AGAIN registry.npmjs.org:443
30 verbose stack     at Object.exports._errnoException (util.js:1022:11)
30 verbose stack     at errnoException (dns.js:33:15)
30 verbose stack     at GetAddrInfoReqWrap.onlookup [as oncomplete] (dns.js:76:26)
31 verbose cwd /vagrant/projects/jungle-rails
32 error Linux 4.4.0-21-generic
33 error argv "/home/vagrant/.nvm/versions/node/v6.9.5/bin/node" "/home/vagrant/.nvm/versions/node/v6.9.5/bin/npm" "install" "-g" "heroku-cli"
34 error node v6.9.5
35 error npm  v3.10.10
36 error code EAI_AGAIN
37 error errno EAI_AGAIN
38 error syscall getaddrinfo
39 error getaddrinfo EAI_AGAIN registry.npmjs.org:443
40 error If you need help, you may report this error at:
40 error     <https://github.com/npm/npm/issues>
41 verbose exit [ 1, true ]
